
FAILURE: Build failed with an exception.

* What went wrong:
Execution failed for task ':react-native-worklets:buildCMakeRelWithDebInfo[x86_64][worklets]'.
> Unable to delete directory 'C:\Users\Windows\OneDrive\Documents\GitHub\b10-news\node_modules\react-native-worklets\android\build\intermediates\cxx\RelWithDebInfo\y6v2y6r1\obj\x86_64'
    Failed to delete some children. This might happen because a process has files open or has its working directory set in the target directory.
    - C:\Users\Windows\OneDrive\Documents\GitHub\b10-news\node_modules\react-native-worklets\android\build\intermediates\cxx\RelWithDebInfo\y6v2y6r1\obj\x86_64\libc++_shared.so
    - C:\Users\Windows\OneDrive\Documents\GitHub\b10-news\node_modules\react-native-worklets\android\build\intermediates\cxx\RelWithDebInfo\y6v2y6r1\obj\x86_64\libfbjni.so
    - C:\Users\Windows\OneDrive\Documents\GitHub\b10-news\node_modules\react-native-worklets\android\build\intermediates\cxx\RelWithDebInfo\y6v2y6r1\obj\x86_64\libjsi.so
    - C:\Users\Windows\OneDrive\Documents\GitHub\b10-news\node_modules\react-native-worklets\android\build\intermediates\cxx\RelWithDebInfo\y6v2y6r1\obj\x86_64\libreactnative.so

* Try:
> Run with --stacktrace option to get the stack trace.
> Run with --info or --debug option to get more log output.
> Run with --scan to get full insights.
> Get more help at https://help.gradle.org.

Deprecated Gradle features were used in this build, making it incompatible with Gradle 9.0.

You can use '--warning-mode all' to show the individual deprecation warnings and determine if they come from your own scripts or plugins.

For more on this, please refer to https://docs.gradle.org/8.14.3/userguide/command_line_interface.html#sec:command_line_warnings in the Gradle documentation.

BUILD FAILED in 1m 45s
115 actionable tasks: 91 executed, 24 up-to-date
<-------------> 0% WAITING
> IDLE
> IDLE
> IDLE
> IDLE

C:\Users\Windows\OneDrive\Documents\GitHub\b10-news\android>